{"C:\\Users\\midas\\OneDrive\\Desktop\\COMP 2452\\2452-pos\\create-tables.sql": {"path":"C:\\Users\\midas\\OneDrive\\Desktop\\COMP 2452\\2452-pos\\create-tables.sql","statementMap":{},"fnMap":{},"branchMap":{},"s":{},"f":{},"b":{},"meta":{"lastBranch":0,"lastFunction":0,"lastStatement":0,"seen":{}}}
,"C:\\Users\\midas\\OneDrive\\Desktop\\COMP 2452\\2452-pos\\src\\assertions.ts": {"path":"C:\\Users\\midas\\OneDrive\\Desktop\\COMP 2452\\2452-pos\\src\\assertions.ts","statementMap":{"0":{"start":{"line":2,"column":4},"end":{"line":4,"column":null}},"1":{"start":{"line":3,"column":8},"end":{"line":3,"column":null}},"2":{"start":{"line":9,"column":8},"end":{"line":9,"column":null}}},"fnMap":{"0":{"name":"assert","decl":{"start":{"line":1,"column":16},"end":{"line":1,"column":23}},"loc":{"start":{"line":1,"column":63},"end":{"line":5,"column":null}},"line":1},"1":{"name":"(anonymous_1)","decl":{"start":{"line":8,"column":4},"end":{"line":8,"column":16}},"loc":{"start":{"line":8,"column":33},"end":{"line":10,"column":null}},"line":8}},"branchMap":{"0":{"loc":{"start":{"line":2,"column":4},"end":{"line":4,"column":null}},"type":"if","locations":[{"start":{"line":2,"column":4},"end":{"line":4,"column":null}},{"start":{},"end":{}}],"line":2}},"s":{"0":425,"1":0,"2":0},"f":{"0":425,"1":0},"b":{"0":[0,425]},"meta":{"lastBranch":1,"lastFunction":2,"lastStatement":3,"seen":{"f:1:16:1:23":0,"b:2:4:4:Infinity:undefined:undefined:undefined:undefined":0,"s:2:4:4:Infinity":0,"s:3:8:3:Infinity":1,"f:8:4:8:16":1,"s:9:8:9:Infinity":2}}}
,"C:\\Users\\midas\\OneDrive\\Desktop\\COMP 2452\\2452-pos\\src\\model\\account.ts": {"path":"C:\\Users\\midas\\OneDrive\\Desktop\\COMP 2452\\2452-pos\\src\\model\\account.ts","statementMap":{"0":{"start":{"line":23,"column":8},"end":{"line":23,"column":null}},"1":{"start":{"line":24,"column":8},"end":{"line":24,"column":null}},"2":{"start":{"line":25,"column":8},"end":{"line":25,"column":null}},"3":{"start":{"line":26,"column":8},"end":{"line":26,"column":null}},"4":{"start":{"line":27,"column":8},"end":{"line":27,"column":null}},"5":{"start":{"line":34,"column":8},"end":{"line":35,"column":null}},"6":{"start":{"line":36,"column":8},"end":{"line":37,"column":null}},"7":{"start":{"line":38,"column":8},"end":{"line":38,"column":null}},"8":{"start":{"line":39,"column":8},"end":{"line":39,"column":null}},"9":{"start":{"line":41,"column":8},"end":{"line":43,"column":null}},"10":{"start":{"line":42,"column":12},"end":{"line":42,"column":null}},"11":{"start":{"line":52,"column":28},"end":{"line":52,"column":null}},"12":{"start":{"line":54,"column":22},"end":{"line":60,"column":null}},"13":{"start":{"line":63,"column":8},"end":{"line":68,"column":null}},"14":{"start":{"line":64,"column":26},"end":{"line":64,"column":null}},"15":{"start":{"line":65,"column":12},"end":{"line":65,"column":null}},"16":{"start":{"line":66,"column":12},"end":{"line":66,"column":null}},"17":{"start":{"line":67,"column":12},"end":{"line":67,"column":null}},"18":{"start":{"line":70,"column":8},"end":{"line":70,"column":null}},"19":{"start":{"line":80,"column":8},"end":{"line":81,"column":null}},"20":{"start":{"line":83,"column":8},"end":{"line":89,"column":null}},"21":{"start":{"line":86,"column":12},"end":{"line":88,"column":null}},"22":{"start":{"line":87,"column":16},"end":{"line":87,"column":null}},"23":{"start":{"line":91,"column":8},"end":{"line":91,"column":null}},"24":{"start":{"line":101,"column":26},"end":{"line":101,"column":null}},"25":{"start":{"line":102,"column":8},"end":{"line":105,"column":null}},"26":{"start":{"line":103,"column":12},"end":{"line":104,"column":null}},"27":{"start":{"line":107,"column":8},"end":{"line":107,"column":null}},"28":{"start":{"line":118,"column":20},"end":{"line":118,"column":null}},"29":{"start":{"line":119,"column":8},"end":{"line":125,"column":null}},"30":{"start":{"line":136,"column":28},"end":{"line":136,"column":null}},"31":{"start":{"line":138,"column":20},"end":{"line":138,"column":null}},"32":{"start":{"line":139,"column":19},"end":{"line":139,"column":null}},"33":{"start":{"line":141,"column":28},"end":{"line":150,"column":null}},"34":{"start":{"line":152,"column":23},"end":{"line":152,"column":null}},"35":{"start":{"line":154,"column":8},"end":{"line":154,"column":null}},"36":{"start":{"line":159,"column":8},"end":{"line":159,"column":null}},"37":{"start":{"line":163,"column":8},"end":{"line":163,"column":null}},"38":{"start":{"line":167,"column":8},"end":{"line":167,"column":null}},"39":{"start":{"line":171,"column":8},"end":{"line":171,"column":null}},"40":{"start":{"line":176,"column":8},"end":{"line":176,"column":null}},"41":{"start":{"line":185,"column":8},"end":{"line":185,"column":null}},"42":{"start":{"line":186,"column":8},"end":{"line":186,"column":null}}},"fnMap":{"0":{"name":"(anonymous_0)","decl":{"start":{"line":22,"column":4},"end":{"line":22,"column":16}},"loc":{"start":{"line":22,"column":52},"end":{"line":28,"column":null}},"line":22},"1":{"name":"(anonymous_1)","decl":{"start":{"line":33,"column":4},"end":{"line":33,"column":20}},"loc":{"start":{"line":33,"column":20},"end":{"line":44,"column":null}},"line":33},"2":{"name":"(anonymous_2)","decl":{"start":{"line":51,"column":17},"end":{"line":51,"column":59}},"loc":{"start":{"line":51,"column":59},"end":{"line":71,"column":null}},"line":51},"3":{"name":"(anonymous_3)","decl":{"start":{"line":79,"column":17},"end":{"line":79,"column":29}},"loc":{"start":{"line":79,"column":65},"end":{"line":92,"column":null}},"line":79},"4":{"name":"(anonymous_4)","decl":{"start":{"line":83,"column":33},"end":{"line":83,"column":34}},"loc":{"start":{"line":83,"column":46},"end":{"line":89,"column":9}},"line":83},"5":{"name":"(anonymous_5)","decl":{"start":{"line":100,"column":17},"end":{"line":100,"column":28}},"loc":{"start":{"line":100,"column":64},"end":{"line":108,"column":null}},"line":100},"6":{"name":"(anonymous_6)","decl":{"start":{"line":102,"column":25},"end":{"line":102,"column":32}},"loc":{"start":{"line":102,"column":41},"end":{"line":105,"column":9}},"line":102},"7":{"name":"(anonymous_7)","decl":{"start":{"line":117,"column":11},"end":{"line":117,"column":26}},"loc":{"start":{"line":117,"column":64},"end":{"line":126,"column":null}},"line":117},"8":{"name":"(anonymous_8)","decl":{"start":{"line":135,"column":17},"end":{"line":135,"column":32}},"loc":{"start":{"line":135,"column":68},"end":{"line":155,"column":null}},"line":135},"9":{"name":"(anonymous_9)","decl":{"start":{"line":158,"column":8},"end":{"line":158,"column":27}},"loc":{"start":{"line":158,"column":27},"end":{"line":160,"column":null}},"line":158},"10":{"name":"(anonymous_10)","decl":{"start":{"line":162,"column":8},"end":{"line":162,"column":27}},"loc":{"start":{"line":162,"column":27},"end":{"line":164,"column":null}},"line":162},"11":{"name":"(anonymous_11)","decl":{"start":{"line":166,"column":8},"end":{"line":166,"column":35}},"loc":{"start":{"line":166,"column":35},"end":{"line":168,"column":null}},"line":166},"12":{"name":"(anonymous_12)","decl":{"start":{"line":170,"column":8},"end":{"line":170,"column":21}},"loc":{"start":{"line":170,"column":21},"end":{"line":172,"column":null}},"line":170},"13":{"name":"(anonymous_13)","decl":{"start":{"line":175,"column":8},"end":{"line":175,"column":13}},"loc":{"start":{"line":175,"column":25},"end":{"line":177,"column":null}},"line":175},"14":{"name":"(anonymous_14)","decl":{"start":{"line":184,"column":4},"end":{"line":184,"column":15}},"loc":{"start":{"line":184,"column":39},"end":{"line":187,"column":null}},"line":184}},"branchMap":{"0":{"loc":{"start":{"line":86,"column":12},"end":{"line":88,"column":null}},"type":"if","locations":[{"start":{"line":86,"column":12},"end":{"line":88,"column":null}},{"start":{},"end":{}}],"line":86}},"s":{"0":8,"1":8,"2":8,"3":8,"4":8,"5":16,"6":16,"7":16,"8":16,"9":16,"10":10,"11":1,"12":1,"13":1,"14":1,"15":1,"16":1,"17":1,"18":1,"19":4,"20":4,"21":0,"22":0,"23":4,"24":0,"25":0,"26":0,"27":0,"28":1,"29":1,"30":1,"31":0,"32":0,"33":0,"34":0,"35":0,"36":13,"37":6,"38":5,"39":16,"40":0,"41":8,"42":8},"f":{"0":8,"1":16,"2":4,"3":4,"4":0,"5":4,"6":0,"7":4,"8":4,"9":13,"10":6,"11":5,"12":16,"13":0,"14":8},"b":{"0":[0,0]},"meta":{"lastBranch":1,"lastFunction":15,"lastStatement":43,"seen":{"f:22:4:22:16":0,"s:23:8:23:Infinity":0,"s:24:8:24:Infinity":1,"s:25:8:25:Infinity":2,"s:26:8:26:Infinity":3,"s:27:8:27:Infinity":4,"f:33:4:33:20":1,"s:34:8:35:Infinity":5,"s:36:8:37:Infinity":6,"s:38:8:38:Infinity":7,"s:39:8:39:Infinity":8,"s:41:8:43:Infinity":9,"s:42:12:42:Infinity":10,"f:51:17:51:59":2,"s:52:28:52:Infinity":11,"s:54:22:60:Infinity":12,"s:63:8:68:Infinity":13,"s:64:26:64:Infinity":14,"s:65:12:65:Infinity":15,"s:66:12:66:Infinity":16,"s:67:12:67:Infinity":17,"s:70:8:70:Infinity":18,"f:79:17:79:29":3,"s:80:8:81:Infinity":19,"s:83:8:89:Infinity":20,"f:83:33:83:34":4,"b:86:12:88:Infinity:undefined:undefined:undefined:undefined":0,"s:86:12:88:Infinity":21,"s:87:16:87:Infinity":22,"s:91:8:91:Infinity":23,"f:100:17:100:28":5,"s:101:26:101:Infinity":24,"s:102:8:105:Infinity":25,"f:102:25:102:32":6,"s:103:12:104:Infinity":26,"s:107:8:107:Infinity":27,"f:117:11:117:26":7,"s:118:20:118:Infinity":28,"s:119:8:125:Infinity":29,"f:135:17:135:32":8,"s:136:28:136:Infinity":30,"s:138:20:138:Infinity":31,"s:139:19:139:Infinity":32,"s:141:28:150:Infinity":33,"s:152:23:152:Infinity":34,"s:154:8:154:Infinity":35,"f:158:8:158:27":9,"s:159:8:159:Infinity":36,"f:162:8:162:27":10,"s:163:8:163:Infinity":37,"f:166:8:166:35":11,"s:167:8:167:Infinity":38,"f:170:8:170:21":12,"s:171:8:171:Infinity":39,"f:175:8:175:13":13,"s:176:8:176:Infinity":40,"f:184:4:184:15":14,"s:185:8:185:Infinity":41,"s:186:8:186:Infinity":42}}}
,"C:\\Users\\midas\\OneDrive\\Desktop\\COMP 2452\\2452-pos\\src\\model\\apple.ts": {"path":"C:\\Users\\midas\\OneDrive\\Desktop\\COMP 2452\\2452-pos\\src\\model\\apple.ts","statementMap":{"0":{"start":{"line":11,"column":29},"end":{"line":11,"column":null}},"1":{"start":{"line":13,"column":31},"end":{"line":13,"column":null}},"2":{"start":{"line":19,"column":8},"end":{"line":19,"column":null}},"3":{"start":{"line":20,"column":8},"end":{"line":20,"column":null}},"4":{"start":{"line":27,"column":8},"end":{"line":27,"column":null}},"5":{"start":{"line":28,"column":8},"end":{"line":28,"column":null}},"6":{"start":{"line":38,"column":26},"end":{"line":38,"column":null}},"7":{"start":{"line":40,"column":22},"end":{"line":47,"column":null}},"8":{"start":{"line":50,"column":8},"end":{"line":55,"column":null}},"9":{"start":{"line":51,"column":24},"end":{"line":51,"column":null}},"10":{"start":{"line":52,"column":12},"end":{"line":52,"column":null}},"11":{"start":{"line":53,"column":12},"end":{"line":53,"column":null}},"12":{"start":{"line":54,"column":12},"end":{"line":54,"column":null}},"13":{"start":{"line":57,"column":8},"end":{"line":57,"column":null}},"14":{"start":{"line":68,"column":8},"end":{"line":81,"column":null}},"15":{"start":{"line":70,"column":26},"end":{"line":71,"column":null}},"16":{"start":{"line":73,"column":12},"end":{"line":76,"column":null}},"17":{"start":{"line":74,"column":16},"end":{"line":74,"column":null}},"18":{"start":{"line":75,"column":16},"end":{"line":75,"column":null}},"19":{"start":{"line":79,"column":12},"end":{"line":80,"column":null}},"20":{"start":{"line":83,"column":8},"end":{"line":83,"column":null}},"21":{"start":{"line":87,"column":8},"end":{"line":87,"column":null}},"22":{"start":{"line":96,"column":8},"end":{"line":96,"column":null}},"23":{"start":{"line":97,"column":8},"end":{"line":97,"column":null}},"24":{"start":{"line":98,"column":8},"end":{"line":98,"column":null}},"25":{"start":{"line":108,"column":8},"end":{"line":108,"column":null}},"26":{"start":{"line":109,"column":24},"end":{"line":109,"column":null}},"27":{"start":{"line":111,"column":8},"end":{"line":114,"column":null}},"28":{"start":{"line":112,"column":12},"end":{"line":112,"column":null}},"29":{"start":{"line":113,"column":12},"end":{"line":113,"column":null}},"30":{"start":{"line":115,"column":8},"end":{"line":115,"column":null}},"31":{"start":{"line":116,"column":8},"end":{"line":116,"column":null}}},"fnMap":{"0":{"name":"(anonymous_0)","decl":{"start":{"line":18,"column":4},"end":{"line":18,"column":18}},"loc":{"start":{"line":18,"column":18},"end":{"line":21,"column":null}},"line":18},"1":{"name":"(anonymous_1)","decl":{"start":{"line":26,"column":4},"end":{"line":26,"column":24}},"loc":{"start":{"line":26,"column":24},"end":{"line":29,"column":null}},"line":26},"2":{"name":"(anonymous_2)","decl":{"start":{"line":37,"column":17},"end":{"line":37,"column":33}},"loc":{"start":{"line":37,"column":68},"end":{"line":58,"column":null}},"line":37},"3":{"name":"(anonymous_3)","decl":{"start":{"line":67,"column":17},"end":{"line":67,"column":27}},"loc":{"start":{"line":67,"column":69},"end":{"line":84,"column":null}},"line":67},"4":{"name":"(anonymous_4)","decl":{"start":{"line":73,"column":33},"end":{"line":73,"column":34}},"loc":{"start":{"line":73,"column":42},"end":{"line":76,"column":13}},"line":73},"5":{"name":"(anonymous_5)","decl":{"start":{"line":86,"column":8},"end":{"line":86,"column":27}},"loc":{"start":{"line":86,"column":27},"end":{"line":88,"column":null}},"line":86},"6":{"name":"(anonymous_6)","decl":{"start":{"line":95,"column":4},"end":{"line":95,"column":21}},"loc":{"start":{"line":95,"column":43},"end":{"line":99,"column":null}},"line":95},"7":{"name":"(anonymous_7)","decl":{"start":{"line":107,"column":4},"end":{"line":107,"column":21}},"loc":{"start":{"line":107,"column":46},"end":{"line":117,"column":null}},"line":107}},"branchMap":{"0":{"loc":{"start":{"line":68,"column":8},"end":{"line":81,"column":null}},"type":"if","locations":[{"start":{"line":68,"column":8},"end":{"line":81,"column":null}},{"start":{"line":77,"column":15},"end":{"line":81,"column":null}}],"line":68},"1":{"loc":{"start":{"line":111,"column":8},"end":{"line":114,"column":null}},"type":"if","locations":[{"start":{"line":111,"column":8},"end":{"line":114,"column":null}},{"start":{},"end":{}}],"line":111}},"s":{"0":13,"1":13,"2":13,"3":13,"4":41,"5":41,"6":2,"7":2,"8":2,"9":1,"10":1,"11":1,"12":1,"13":2,"14":4,"15":4,"16":4,"17":4,"18":4,"19":0,"20":4,"21":14,"22":12,"23":12,"24":12,"25":2,"26":2,"27":2,"28":2,"29":2,"30":2,"31":2},"f":{"0":13,"1":41,"2":8,"3":8,"4":4,"5":14,"6":12,"7":2},"b":{"0":[4,0],"1":[2,0]},"meta":{"lastBranch":2,"lastFunction":8,"lastStatement":32,"seen":{"s:11:29:11:Infinity":0,"s:13:31:13:Infinity":1,"f:18:4:18:18":0,"s:19:8:19:Infinity":2,"s:20:8:20:Infinity":3,"f:26:4:26:24":1,"s:27:8:27:Infinity":4,"s:28:8:28:Infinity":5,"f:37:17:37:33":2,"s:38:26:38:Infinity":6,"s:40:22:47:Infinity":7,"s:50:8:55:Infinity":8,"s:51:24:51:Infinity":9,"s:52:12:52:Infinity":10,"s:53:12:53:Infinity":11,"s:54:12:54:Infinity":12,"s:57:8:57:Infinity":13,"f:67:17:67:27":3,"b:68:8:81:Infinity:77:15:81:Infinity":0,"s:68:8:81:Infinity":14,"s:70:26:71:Infinity":15,"s:73:12:76:Infinity":16,"f:73:33:73:34":4,"s:74:16:74:Infinity":17,"s:75:16:75:Infinity":18,"s:79:12:80:Infinity":19,"s:83:8:83:Infinity":20,"f:86:8:86:27":5,"s:87:8:87:Infinity":21,"f:95:4:95:21":6,"s:96:8:96:Infinity":22,"s:97:8:97:Infinity":23,"s:98:8:98:Infinity":24,"f:107:4:107:21":7,"s:108:8:108:Infinity":25,"s:109:24:109:Infinity":26,"b:111:8:114:Infinity:undefined:undefined:undefined:undefined":1,"s:111:8:114:Infinity":27,"s:112:12:112:Infinity":28,"s:113:12:113:Infinity":29,"s:115:8:115:Infinity":30,"s:116:8:116:Infinity":31}}}
,"C:\\Users\\midas\\OneDrive\\Desktop\\COMP 2452\\2452-pos\\src\\model\\banana.ts": {"path":"C:\\Users\\midas\\OneDrive\\Desktop\\COMP 2452\\2452-pos\\src\\model\\banana.ts","statementMap":{"0":{"start":{"line":11,"column":29},"end":{"line":11,"column":null}},"1":{"start":{"line":13,"column":31},"end":{"line":13,"column":null}},"2":{"start":{"line":19,"column":8},"end":{"line":19,"column":null}},"3":{"start":{"line":20,"column":8},"end":{"line":20,"column":null}},"4":{"start":{"line":27,"column":8},"end":{"line":27,"column":null}},"5":{"start":{"line":28,"column":8},"end":{"line":28,"column":null}},"6":{"start":{"line":38,"column":27},"end":{"line":38,"column":null}},"7":{"start":{"line":40,"column":22},"end":{"line":47,"column":null}},"8":{"start":{"line":50,"column":8},"end":{"line":55,"column":null}},"9":{"start":{"line":51,"column":25},"end":{"line":51,"column":null}},"10":{"start":{"line":52,"column":12},"end":{"line":52,"column":null}},"11":{"start":{"line":53,"column":12},"end":{"line":53,"column":null}},"12":{"start":{"line":54,"column":12},"end":{"line":54,"column":null}},"13":{"start":{"line":57,"column":8},"end":{"line":57,"column":null}},"14":{"start":{"line":68,"column":8},"end":{"line":81,"column":null}},"15":{"start":{"line":70,"column":26},"end":{"line":71,"column":null}},"16":{"start":{"line":73,"column":12},"end":{"line":76,"column":null}},"17":{"start":{"line":74,"column":16},"end":{"line":74,"column":null}},"18":{"start":{"line":75,"column":16},"end":{"line":75,"column":null}},"19":{"start":{"line":79,"column":12},"end":{"line":80,"column":null}},"20":{"start":{"line":83,"column":8},"end":{"line":83,"column":null}},"21":{"start":{"line":87,"column":8},"end":{"line":87,"column":null}},"22":{"start":{"line":96,"column":8},"end":{"line":96,"column":null}},"23":{"start":{"line":97,"column":8},"end":{"line":97,"column":null}},"24":{"start":{"line":98,"column":8},"end":{"line":98,"column":null}},"25":{"start":{"line":108,"column":8},"end":{"line":108,"column":null}},"26":{"start":{"line":109,"column":24},"end":{"line":109,"column":null}},"27":{"start":{"line":111,"column":8},"end":{"line":114,"column":null}},"28":{"start":{"line":112,"column":12},"end":{"line":112,"column":null}},"29":{"start":{"line":113,"column":12},"end":{"line":113,"column":null}},"30":{"start":{"line":115,"column":8},"end":{"line":115,"column":null}},"31":{"start":{"line":116,"column":8},"end":{"line":116,"column":null}}},"fnMap":{"0":{"name":"(anonymous_0)","decl":{"start":{"line":18,"column":4},"end":{"line":18,"column":18}},"loc":{"start":{"line":18,"column":18},"end":{"line":21,"column":null}},"line":18},"1":{"name":"(anonymous_1)","decl":{"start":{"line":26,"column":4},"end":{"line":26,"column":25}},"loc":{"start":{"line":26,"column":25},"end":{"line":29,"column":null}},"line":26},"2":{"name":"(anonymous_2)","decl":{"start":{"line":37,"column":17},"end":{"line":37,"column":34}},"loc":{"start":{"line":37,"column":70},"end":{"line":58,"column":null}},"line":37},"3":{"name":"(anonymous_3)","decl":{"start":{"line":67,"column":17},"end":{"line":67,"column":28}},"loc":{"start":{"line":67,"column":73},"end":{"line":84,"column":null}},"line":67},"4":{"name":"(anonymous_4)","decl":{"start":{"line":73,"column":33},"end":{"line":73,"column":34}},"loc":{"start":{"line":73,"column":42},"end":{"line":76,"column":13}},"line":73},"5":{"name":"(anonymous_5)","decl":{"start":{"line":86,"column":8},"end":{"line":86,"column":27}},"loc":{"start":{"line":86,"column":27},"end":{"line":88,"column":null}},"line":86},"6":{"name":"(anonymous_6)","decl":{"start":{"line":95,"column":4},"end":{"line":95,"column":21}},"loc":{"start":{"line":95,"column":43},"end":{"line":99,"column":null}},"line":95},"7":{"name":"(anonymous_7)","decl":{"start":{"line":107,"column":4},"end":{"line":107,"column":21}},"loc":{"start":{"line":107,"column":46},"end":{"line":117,"column":null}},"line":107}},"branchMap":{"0":{"loc":{"start":{"line":68,"column":8},"end":{"line":81,"column":null}},"type":"if","locations":[{"start":{"line":68,"column":8},"end":{"line":81,"column":null}},{"start":{"line":77,"column":15},"end":{"line":81,"column":null}}],"line":68},"1":{"loc":{"start":{"line":111,"column":8},"end":{"line":114,"column":null}},"type":"if","locations":[{"start":{"line":111,"column":8},"end":{"line":114,"column":null}},{"start":{},"end":{}}],"line":111}},"s":{"0":4,"1":4,"2":4,"3":4,"4":18,"5":18,"6":2,"7":2,"8":2,"9":0,"10":0,"11":0,"12":0,"13":2,"14":1,"15":1,"16":1,"17":1,"18":1,"19":0,"20":1,"21":4,"22":5,"23":5,"24":5,"25":2,"26":2,"27":2,"28":2,"29":2,"30":2,"31":2},"f":{"0":4,"1":18,"2":7,"3":7,"4":1,"5":4,"6":5,"7":2},"b":{"0":[1,0],"1":[2,0]},"meta":{"lastBranch":2,"lastFunction":8,"lastStatement":32,"seen":{"s:11:29:11:Infinity":0,"s:13:31:13:Infinity":1,"f:18:4:18:18":0,"s:19:8:19:Infinity":2,"s:20:8:20:Infinity":3,"f:26:4:26:25":1,"s:27:8:27:Infinity":4,"s:28:8:28:Infinity":5,"f:37:17:37:34":2,"s:38:27:38:Infinity":6,"s:40:22:47:Infinity":7,"s:50:8:55:Infinity":8,"s:51:25:51:Infinity":9,"s:52:12:52:Infinity":10,"s:53:12:53:Infinity":11,"s:54:12:54:Infinity":12,"s:57:8:57:Infinity":13,"f:67:17:67:28":3,"b:68:8:81:Infinity:77:15:81:Infinity":0,"s:68:8:81:Infinity":14,"s:70:26:71:Infinity":15,"s:73:12:76:Infinity":16,"f:73:33:73:34":4,"s:74:16:74:Infinity":17,"s:75:16:75:Infinity":18,"s:79:12:80:Infinity":19,"s:83:8:83:Infinity":20,"f:86:8:86:27":5,"s:87:8:87:Infinity":21,"f:95:4:95:21":6,"s:96:8:96:Infinity":22,"s:97:8:97:Infinity":23,"s:98:8:98:Infinity":24,"f:107:4:107:21":7,"s:108:8:108:Infinity":25,"s:109:24:109:Infinity":26,"b:111:8:114:Infinity:undefined:undefined:undefined:undefined":1,"s:111:8:114:Infinity":27,"s:112:12:112:Infinity":28,"s:113:12:113:Infinity":29,"s:115:8:115:Infinity":30,"s:116:8:116:Infinity":31}}}
,"C:\\Users\\midas\\OneDrive\\Desktop\\COMP 2452\\2452-pos\\src\\model\\bogo.ts": {"path":"C:\\Users\\midas\\OneDrive\\Desktop\\COMP 2452\\2452-pos\\src\\model\\bogo.ts","statementMap":{"0":{"start":{"line":24,"column":8},"end":{"line":24,"column":null}},"1":{"start":{"line":25,"column":8},"end":{"line":25,"column":null}},"2":{"start":{"line":26,"column":8},"end":{"line":26,"column":null}},"3":{"start":{"line":33,"column":8},"end":{"line":33,"column":null}},"4":{"start":{"line":34,"column":8},"end":{"line":34,"column":null}},"5":{"start":{"line":44,"column":25},"end":{"line":44,"column":null}},"6":{"start":{"line":45,"column":22},"end":{"line":45,"column":null}},"7":{"start":{"line":46,"column":23},"end":{"line":46,"column":null}},"8":{"start":{"line":48,"column":22},"end":{"line":54,"column":null}},"9":{"start":{"line":57,"column":8},"end":{"line":71,"column":null}},"10":{"start":{"line":58,"column":26},"end":{"line":58,"column":null}},"11":{"start":{"line":59,"column":12},"end":{"line":59,"column":null}},"12":{"start":{"line":60,"column":12},"end":{"line":66,"column":null}},"13":{"start":{"line":61,"column":16},"end":{"line":61,"column":null}},"14":{"start":{"line":62,"column":12},"end":{"line":66,"column":null}},"15":{"start":{"line":63,"column":16},"end":{"line":63,"column":null}},"16":{"start":{"line":65,"column":16},"end":{"line":65,"column":null}},"17":{"start":{"line":68,"column":23},"end":{"line":68,"column":null}},"18":{"start":{"line":69,"column":12},"end":{"line":69,"column":null}},"19":{"start":{"line":70,"column":12},"end":{"line":70,"column":null}},"20":{"start":{"line":73,"column":8},"end":{"line":73,"column":null}},"21":{"start":{"line":83,"column":22},"end":{"line":84,"column":null}},"22":{"start":{"line":86,"column":8},"end":{"line":86,"column":null}},"23":{"start":{"line":88,"column":8},"end":{"line":91,"column":null}},"24":{"start":{"line":89,"column":12},"end":{"line":89,"column":null}},"25":{"start":{"line":90,"column":12},"end":{"line":90,"column":null}},"26":{"start":{"line":93,"column":8},"end":{"line":93,"column":null}},"27":{"start":{"line":98,"column":8},"end":{"line":98,"column":null}},"28":{"start":{"line":102,"column":8},"end":{"line":102,"column":null}}},"fnMap":{"0":{"name":"(anonymous_0)","decl":{"start":{"line":23,"column":4},"end":{"line":23,"column":16}},"loc":{"start":{"line":23,"column":52},"end":{"line":27,"column":null}},"line":23},"1":{"name":"(anonymous_1)","decl":{"start":{"line":32,"column":4},"end":{"line":32,"column":17}},"loc":{"start":{"line":32,"column":17},"end":{"line":35,"column":null}},"line":32},"2":{"name":"(anonymous_2)","decl":{"start":{"line":43,"column":17},"end":{"line":43,"column":35}},"loc":{"start":{"line":43,"column":75},"end":{"line":74,"column":null}},"line":43},"3":{"name":"(anonymous_3)","decl":{"start":{"line":82,"column":17},"end":{"line":82,"column":26}},"loc":{"start":{"line":82,"column":53},"end":{"line":94,"column":null}},"line":82},"4":{"name":"(anonymous_4)","decl":{"start":{"line":88,"column":29},"end":{"line":88,"column":30}},"loc":{"start":{"line":88,"column":38},"end":{"line":91,"column":9}},"line":88},"5":{"name":"(anonymous_5)","decl":{"start":{"line":97,"column":8},"end":{"line":97,"column":27}},"loc":{"start":{"line":97,"column":27},"end":{"line":99,"column":null}},"line":97},"6":{"name":"(anonymous_6)","decl":{"start":{"line":101,"column":8},"end":{"line":101,"column":27}},"loc":{"start":{"line":101,"column":27},"end":{"line":103,"column":null}},"line":101}},"branchMap":{"0":{"loc":{"start":{"line":60,"column":12},"end":{"line":66,"column":null}},"type":"if","locations":[{"start":{"line":60,"column":12},"end":{"line":66,"column":null}},{"start":{"line":62,"column":12},"end":{"line":66,"column":null}}],"line":60},"1":{"loc":{"start":{"line":62,"column":12},"end":{"line":66,"column":null}},"type":"if","locations":[{"start":{"line":62,"column":12},"end":{"line":66,"column":null}},{"start":{"line":64,"column":19},"end":{"line":66,"column":null}}],"line":62}},"s":{"0":3,"1":3,"2":3,"3":3,"4":3,"5":2,"6":2,"7":2,"8":2,"9":2,"10":1,"11":1,"12":1,"13":1,"14":0,"15":0,"16":0,"17":1,"18":1,"19":1,"20":2,"21":1,"22":1,"23":1,"24":1,"25":1,"26":1,"27":3,"28":6},"f":{"0":3,"1":3,"2":4,"3":4,"4":1,"5":3,"6":6},"b":{"0":[1,0],"1":[0,0]},"meta":{"lastBranch":2,"lastFunction":7,"lastStatement":29,"seen":{"f:23:4:23:16":0,"s:24:8:24:Infinity":0,"s:25:8:25:Infinity":1,"s:26:8:26:Infinity":2,"f:32:4:32:17":1,"s:33:8:33:Infinity":3,"s:34:8:34:Infinity":4,"f:43:17:43:35":2,"s:44:25:44:Infinity":5,"s:45:22:45:Infinity":6,"s:46:23:46:Infinity":7,"s:48:22:54:Infinity":8,"s:57:8:71:Infinity":9,"s:58:26:58:Infinity":10,"s:59:12:59:Infinity":11,"b:60:12:66:Infinity:62:12:66:Infinity":0,"s:60:12:66:Infinity":12,"s:61:16:61:Infinity":13,"b:62:12:66:Infinity:64:19:66:Infinity":1,"s:62:12:66:Infinity":14,"s:63:16:63:Infinity":15,"s:65:16:65:Infinity":16,"s:68:23:68:Infinity":17,"s:69:12:69:Infinity":18,"s:70:12:70:Infinity":19,"s:73:8:73:Infinity":20,"f:82:17:82:26":3,"s:83:22:84:Infinity":21,"s:86:8:86:Infinity":22,"s:88:8:91:Infinity":23,"f:88:29:88:30":4,"s:89:12:89:Infinity":24,"s:90:12:90:Infinity":25,"s:93:8:93:Infinity":26,"f:97:8:97:27":5,"s:98:8:98:Infinity":27,"f:101:8:101:27":6,"s:102:8:102:Infinity":28}}}
,"C:\\Users\\midas\\OneDrive\\Desktop\\COMP 2452\\2452-pos\\src\\model\\cart.ts": {"path":"C:\\Users\\midas\\OneDrive\\Desktop\\COMP 2452\\2452-pos\\src\\model\\cart.ts","statementMap":{"0":{"start":{"line":21,"column":8},"end":{"line":21,"column":null}},"1":{"start":{"line":22,"column":8},"end":{"line":22,"column":null}},"2":{"start":{"line":23,"column":8},"end":{"line":23,"column":null}},"3":{"start":{"line":30,"column":8},"end":{"line":30,"column":null}},"4":{"start":{"line":32,"column":8},"end":{"line":34,"column":null}},"5":{"start":{"line":33,"column":12},"end":{"line":33,"column":null}},"6":{"start":{"line":44,"column":19},"end":{"line":44,"column":null}},"7":{"start":{"line":45,"column":8},"end":{"line":45,"column":null}},"8":{"start":{"line":48,"column":21},"end":{"line":48,"column":null}},"9":{"start":{"line":49,"column":22},"end":{"line":49,"column":null}},"10":{"start":{"line":50,"column":20},"end":{"line":50,"column":null}},"11":{"start":{"line":52,"column":8},"end":{"line":54,"column":null}},"12":{"start":{"line":53,"column":12},"end":{"line":53,"column":null}},"13":{"start":{"line":56,"column":8},"end":{"line":58,"column":null}},"14":{"start":{"line":57,"column":12},"end":{"line":57,"column":null}},"15":{"start":{"line":60,"column":8},"end":{"line":62,"column":null}},"16":{"start":{"line":61,"column":12},"end":{"line":61,"column":null}},"17":{"start":{"line":64,"column":8},"end":{"line":64,"column":null}},"18":{"start":{"line":74,"column":8},"end":{"line":82,"column":null}},"19":{"start":{"line":76,"column":26},"end":{"line":76,"column":null}},"20":{"start":{"line":78,"column":12},"end":{"line":81,"column":null}},"21":{"start":{"line":79,"column":16},"end":{"line":79,"column":null}},"22":{"start":{"line":80,"column":16},"end":{"line":80,"column":null}},"23":{"start":{"line":85,"column":8},"end":{"line":93,"column":null}},"24":{"start":{"line":86,"column":12},"end":{"line":92,"column":null}},"25":{"start":{"line":87,"column":16},"end":{"line":87,"column":null}},"26":{"start":{"line":88,"column":12},"end":{"line":92,"column":null}},"27":{"start":{"line":89,"column":16},"end":{"line":89,"column":null}},"28":{"start":{"line":90,"column":12},"end":{"line":92,"column":null}},"29":{"start":{"line":91,"column":16},"end":{"line":91,"column":null}},"30":{"start":{"line":95,"column":8},"end":{"line":95,"column":null}},"31":{"start":{"line":106,"column":8},"end":{"line":107,"column":null}},"32":{"start":{"line":109,"column":8},"end":{"line":109,"column":null}},"33":{"start":{"line":113,"column":8},"end":{"line":113,"column":null}},"34":{"start":{"line":123,"column":8},"end":{"line":123,"column":null}},"35":{"start":{"line":124,"column":20},"end":{"line":124,"column":null}},"36":{"start":{"line":125,"column":20},"end":{"line":125,"column":null}},"37":{"start":{"line":128,"column":8},"end":{"line":135,"column":null}},"38":{"start":{"line":129,"column":12},"end":{"line":133,"column":null}},"39":{"start":{"line":131,"column":16},"end":{"line":131,"column":null}},"40":{"start":{"line":132,"column":16},"end":{"line":132,"column":null}},"41":{"start":{"line":134,"column":12},"end":{"line":134,"column":null}},"42":{"start":{"line":138,"column":8},"end":{"line":141,"column":null}},"43":{"start":{"line":139,"column":12},"end":{"line":139,"column":null}},"44":{"start":{"line":140,"column":12},"end":{"line":140,"column":null}},"45":{"start":{"line":143,"column":8},"end":{"line":143,"column":null}},"46":{"start":{"line":144,"column":8},"end":{"line":144,"column":null}},"47":{"start":{"line":155,"column":8},"end":{"line":155,"column":null}},"48":{"start":{"line":156,"column":22},"end":{"line":156,"column":null}},"49":{"start":{"line":157,"column":20},"end":{"line":157,"column":null}},"50":{"start":{"line":158,"column":20},"end":{"line":158,"column":null}},"51":{"start":{"line":161,"column":8},"end":{"line":176,"column":null}},"52":{"start":{"line":162,"column":12},"end":{"line":174,"column":null}},"53":{"start":{"line":163,"column":16},"end":{"line":163,"column":null}},"54":{"start":{"line":165,"column":16},"end":{"line":167,"column":null}},"55":{"start":{"line":166,"column":20},"end":{"line":166,"column":null}},"56":{"start":{"line":170,"column":16},"end":{"line":173,"column":null}},"57":{"start":{"line":171,"column":20},"end":{"line":171,"column":null}},"58":{"start":{"line":172,"column":20},"end":{"line":172,"column":null}},"59":{"start":{"line":175,"column":12},"end":{"line":175,"column":null}},"60":{"start":{"line":178,"column":8},"end":{"line":178,"column":null}},"61":{"start":{"line":179,"column":8},"end":{"line":179,"column":null}},"62":{"start":{"line":180,"column":8},"end":{"line":180,"column":null}},"63":{"start":{"line":187,"column":8},"end":{"line":187,"column":null}},"64":{"start":{"line":188,"column":8},"end":{"line":188,"column":null}},"65":{"start":{"line":188,"column":39},"end":{"line":188,"column":49}},"66":{"start":{"line":189,"column":8},"end":{"line":189,"column":null}},"67":{"start":{"line":198,"column":8},"end":{"line":198,"column":null}},"68":{"start":{"line":199,"column":8},"end":{"line":199,"column":null}},"69":{"start":{"line":200,"column":8},"end":{"line":200,"column":null}}},"fnMap":{"0":{"name":"(anonymous_0)","decl":{"start":{"line":20,"column":4},"end":{"line":20,"column":18}},"loc":{"start":{"line":20,"column":18},"end":{"line":24,"column":null}},"line":20},"1":{"name":"(anonymous_1)","decl":{"start":{"line":29,"column":4},"end":{"line":29,"column":23}},"loc":{"start":{"line":29,"column":23},"end":{"line":35,"column":null}},"line":29},"2":{"name":"(anonymous_2)","decl":{"start":{"line":43,"column":17},"end":{"line":43,"column":29}},"loc":{"start":{"line":43,"column":60},"end":{"line":65,"column":null}},"line":43},"3":{"name":"(anonymous_3)","decl":{"start":{"line":73,"column":17},"end":{"line":73,"column":26}},"loc":{"start":{"line":73,"column":53},"end":{"line":96,"column":null}},"line":73},"4":{"name":"(anonymous_4)","decl":{"start":{"line":78,"column":33},"end":{"line":78,"column":34}},"loc":{"start":{"line":78,"column":42},"end":{"line":81,"column":13}},"line":78},"5":{"name":"(anonymous_5)","decl":{"start":{"line":85,"column":30},"end":{"line":85,"column":31}},"loc":{"start":{"line":85,"column":43},"end":{"line":93,"column":9}},"line":85},"6":{"name":"(anonymous_6)","decl":{"start":{"line":104,"column":17},"end":{"line":104,"column":31}},"loc":{"start":{"line":104,"column":67},"end":{"line":110,"column":null}},"line":104},"7":{"name":"(anonymous_7)","decl":{"start":{"line":112,"column":8},"end":{"line":112,"column":35}},"loc":{"start":{"line":112,"column":35},"end":{"line":114,"column":null}},"line":112},"8":{"name":"(anonymous_8)","decl":{"start":{"line":122,"column":4},"end":{"line":122,"column":15}},"loc":{"start":{"line":122,"column":55},"end":{"line":145,"column":null}},"line":122},"9":{"name":"(anonymous_9)","decl":{"start":{"line":154,"column":4},"end":{"line":154,"column":18}},"loc":{"start":{"line":154,"column":61},"end":{"line":181,"column":null}},"line":154},"10":{"name":"(anonymous_10)","decl":{"start":{"line":186,"column":4},"end":{"line":186,"column":23}},"loc":{"start":{"line":186,"column":23},"end":{"line":190,"column":null}},"line":186},"11":{"name":"(anonymous_11)","decl":{"start":{"line":188,"column":32},"end":{"line":188,"column":33}},"loc":{"start":{"line":188,"column":39},"end":{"line":188,"column":49}},"line":188},"12":{"name":"(anonymous_12)","decl":{"start":{"line":197,"column":4},"end":{"line":197,"column":21}},"loc":{"start":{"line":197,"column":41},"end":{"line":201,"column":null}},"line":197}},"branchMap":{"0":{"loc":{"start":{"line":74,"column":8},"end":{"line":82,"column":null}},"type":"if","locations":[{"start":{"line":74,"column":8},"end":{"line":82,"column":null}},{"start":{},"end":{}}],"line":74},"1":{"loc":{"start":{"line":86,"column":12},"end":{"line":92,"column":null}},"type":"if","locations":[{"start":{"line":86,"column":12},"end":{"line":92,"column":null}},{"start":{"line":88,"column":12},"end":{"line":92,"column":null}}],"line":86},"2":{"loc":{"start":{"line":88,"column":12},"end":{"line":92,"column":null}},"type":"if","locations":[{"start":{"line":88,"column":12},"end":{"line":92,"column":null}},{"start":{"line":90,"column":12},"end":{"line":92,"column":null}}],"line":88},"3":{"loc":{"start":{"line":90,"column":12},"end":{"line":92,"column":null}},"type":"if","locations":[{"start":{"line":90,"column":12},"end":{"line":92,"column":null}},{"start":{},"end":{}}],"line":90},"4":{"loc":{"start":{"line":128,"column":15},"end":{"line":128,"column":56}},"type":"binary-expr","locations":[{"start":{"line":128,"column":15},"end":{"line":128,"column":25}},{"start":{"line":128,"column":25},"end":{"line":128,"column":56}}],"line":128},"5":{"loc":{"start":{"line":129,"column":12},"end":{"line":133,"column":null}},"type":"if","locations":[{"start":{"line":129,"column":12},"end":{"line":133,"column":null}},{"start":{},"end":{}}],"line":129},"6":{"loc":{"start":{"line":138,"column":8},"end":{"line":141,"column":null}},"type":"if","locations":[{"start":{"line":138,"column":8},"end":{"line":141,"column":null}},{"start":{},"end":{}}],"line":138},"7":{"loc":{"start":{"line":161,"column":15},"end":{"line":161,"column":56}},"type":"binary-expr","locations":[{"start":{"line":161,"column":15},"end":{"line":161,"column":25}},{"start":{"line":161,"column":25},"end":{"line":161,"column":56}}],"line":161},"8":{"loc":{"start":{"line":162,"column":12},"end":{"line":174,"column":null}},"type":"if","locations":[{"start":{"line":162,"column":12},"end":{"line":174,"column":null}},{"start":{},"end":{}}],"line":162},"9":{"loc":{"start":{"line":165,"column":16},"end":{"line":167,"column":null}},"type":"if","locations":[{"start":{"line":165,"column":16},"end":{"line":167,"column":null}},{"start":{},"end":{}}],"line":165},"10":{"loc":{"start":{"line":170,"column":16},"end":{"line":173,"column":null}},"type":"if","locations":[{"start":{"line":170,"column":16},"end":{"line":173,"column":null}},{"start":{},"end":{}}],"line":170}},"s":{"0":18,"1":18,"2":18,"3":84,"4":84,"5":60,"6":2,"7":2,"8":2,"9":2,"10":2,"11":2,"12":1,"13":2,"14":0,"15":2,"16":0,"17":2,"18":5,"19":5,"20":5,"21":5,"22":5,"23":5,"24":6,"25":4,"26":2,"27":1,"28":1,"29":1,"30":5,"31":1,"32":1,"33":37,"34":14,"35":14,"36":14,"37":14,"38":4,"39":1,"40":1,"41":4,"42":14,"43":13,"44":13,"45":14,"46":14,"47":2,"48":2,"49":2,"50":2,"51":2,"52":2,"53":2,"54":2,"55":2,"56":2,"57":1,"58":1,"59":2,"60":2,"61":2,"62":2,"63":16,"64":16,"65":1,"66":16,"67":1,"68":1,"69":1},"f":{"0":18,"1":84,"2":7,"3":7,"4":5,"5":6,"6":7,"7":37,"8":14,"9":2,"10":16,"11":1,"12":1},"b":{"0":[5,0],"1":[4,2],"2":[1,1],"3":[1,0],"4":[14,17],"5":[1,3],"6":[13,1],"7":[2,2],"8":[2,0],"9":[2,0],"10":[1,1]},"meta":{"lastBranch":11,"lastFunction":13,"lastStatement":70,"seen":{"f:20:4:20:18":0,"s:21:8:21:Infinity":0,"s:22:8:22:Infinity":1,"s:23:8:23:Infinity":2,"f:29:4:29:23":1,"s:30:8:30:Infinity":3,"s:32:8:34:Infinity":4,"s:33:12:33:Infinity":5,"f:43:17:43:29":2,"s:44:19:44:Infinity":6,"s:45:8:45:Infinity":7,"s:48:21:48:Infinity":8,"s:49:22:49:Infinity":9,"s:50:20:50:Infinity":10,"s:52:8:54:Infinity":11,"s:53:12:53:Infinity":12,"s:56:8:58:Infinity":13,"s:57:12:57:Infinity":14,"s:60:8:62:Infinity":15,"s:61:12:61:Infinity":16,"s:64:8:64:Infinity":17,"f:73:17:73:26":3,"b:74:8:82:Infinity:undefined:undefined:undefined:undefined":0,"s:74:8:82:Infinity":18,"s:76:26:76:Infinity":19,"s:78:12:81:Infinity":20,"f:78:33:78:34":4,"s:79:16:79:Infinity":21,"s:80:16:80:Infinity":22,"s:85:8:93:Infinity":23,"f:85:30:85:31":5,"b:86:12:92:Infinity:88:12:92:Infinity":1,"s:86:12:92:Infinity":24,"s:87:16:87:Infinity":25,"b:88:12:92:Infinity:90:12:92:Infinity":2,"s:88:12:92:Infinity":26,"s:89:16:89:Infinity":27,"b:90:12:92:Infinity:undefined:undefined:undefined:undefined":3,"s:90:12:92:Infinity":28,"s:91:16:91:Infinity":29,"s:95:8:95:Infinity":30,"f:104:17:104:31":6,"s:106:8:107:Infinity":31,"s:109:8:109:Infinity":32,"f:112:8:112:35":7,"s:113:8:113:Infinity":33,"f:122:4:122:15":8,"s:123:8:123:Infinity":34,"s:124:20:124:Infinity":35,"s:125:20:125:Infinity":36,"s:128:8:135:Infinity":37,"b:128:15:128:25:128:25:128:56":4,"b:129:12:133:Infinity:undefined:undefined:undefined:undefined":5,"s:129:12:133:Infinity":38,"s:131:16:131:Infinity":39,"s:132:16:132:Infinity":40,"s:134:12:134:Infinity":41,"b:138:8:141:Infinity:undefined:undefined:undefined:undefined":6,"s:138:8:141:Infinity":42,"s:139:12:139:Infinity":43,"s:140:12:140:Infinity":44,"s:143:8:143:Infinity":45,"s:144:8:144:Infinity":46,"f:154:4:154:18":9,"s:155:8:155:Infinity":47,"s:156:22:156:Infinity":48,"s:157:20:157:Infinity":49,"s:158:20:158:Infinity":50,"s:161:8:176:Infinity":51,"b:161:15:161:25:161:25:161:56":7,"b:162:12:174:Infinity:undefined:undefined:undefined:undefined":8,"s:162:12:174:Infinity":52,"s:163:16:163:Infinity":53,"b:165:16:167:Infinity:undefined:undefined:undefined:undefined":9,"s:165:16:167:Infinity":54,"s:166:20:166:Infinity":55,"b:170:16:173:Infinity:undefined:undefined:undefined:undefined":10,"s:170:16:173:Infinity":56,"s:171:20:171:Infinity":57,"s:172:20:172:Infinity":58,"s:175:12:175:Infinity":59,"s:178:8:178:Infinity":60,"s:179:8:179:Infinity":61,"s:180:8:180:Infinity":62,"f:186:4:186:23":10,"s:187:8:187:Infinity":63,"s:188:8:188:Infinity":64,"f:188:32:188:33":11,"s:188:39:188:49":65,"s:189:8:189:Infinity":66,"f:197:4:197:21":12,"s:198:8:198:Infinity":67,"s:199:8:199:Infinity":68,"s:200:8:200:Infinity":69}}}
,"C:\\Users\\midas\\OneDrive\\Desktop\\COMP 2452\\2452-pos\\src\\model\\connection.ts": {"path":"C:\\Users\\midas\\OneDrive\\Desktop\\COMP 2452\\2452-pos\\src\\model\\connection.ts","statementMap":{"0":{"start":{"line":4,"column":10},"end":{"line":4,"column":null}},"1":{"start":{"line":6,"column":17},"end":{"line":6,"column":null}},"2":{"start":{"line":10,"column":0},"end":{"line":12,"column":null}},"3":{"start":{"line":11,"column":4},"end":{"line":11,"column":null}},"4":{"start":{"line":15,"column":4},"end":{"line":15,"column":null}}},"fnMap":{"0":{"name":"db","decl":{"start":{"line":14,"column":24},"end":{"line":14,"column":29}},"loc":{"start":{"line":14,"column":29},"end":{"line":16,"column":null}},"line":14}},"branchMap":{"0":{"loc":{"start":{"line":10,"column":0},"end":{"line":12,"column":null}},"type":"if","locations":[{"start":{"line":10,"column":0},"end":{"line":12,"column":null}},{"start":{},"end":{}}],"line":10}},"s":{"0":8,"1":8,"2":8,"3":8,"4":42},"f":{"0":42},"b":{"0":[8,0]},"meta":{"lastBranch":1,"lastFunction":1,"lastStatement":5,"seen":{"s:4:10:4:Infinity":0,"s:6:17:6:Infinity":1,"b:10:0:12:Infinity:undefined:undefined:undefined:undefined":0,"s:10:0:12:Infinity":2,"s:11:4:11:Infinity":3,"f:14:24:14:29":0,"s:15:4:15:Infinity":4}}}
,"C:\\Users\\midas\\OneDrive\\Desktop\\COMP 2452\\2452-pos\\src\\model\\discount.ts": {"path":"C:\\Users\\midas\\OneDrive\\Desktop\\COMP 2452\\2452-pos\\src\\model\\discount.ts","statementMap":{"0":{"start":{"line":20,"column":20},"end":{"line":20,"column":null}},"1":{"start":{"line":21,"column":8},"end":{"line":21,"column":null}},"2":{"start":{"line":22,"column":8},"end":{"line":22,"column":null}},"3":{"start":{"line":25,"column":8},"end":{"line":27,"column":null}},"4":{"start":{"line":26,"column":12},"end":{"line":26,"column":null}},"5":{"start":{"line":29,"column":8},"end":{"line":29,"column":null}},"6":{"start":{"line":36,"column":8},"end":{"line":36,"column":null}},"7":{"start":{"line":37,"column":8},"end":{"line":37,"column":null}},"8":{"start":{"line":38,"column":8},"end":{"line":38,"column":null}},"9":{"start":{"line":48,"column":29},"end":{"line":48,"column":null}},"10":{"start":{"line":50,"column":22},"end":{"line":56,"column":null}},"11":{"start":{"line":59,"column":8},"end":{"line":63,"column":null}},"12":{"start":{"line":60,"column":27},"end":{"line":60,"column":null}},"13":{"start":{"line":61,"column":12},"end":{"line":61,"column":null}},"14":{"start":{"line":62,"column":12},"end":{"line":62,"column":null}},"15":{"start":{"line":65,"column":8},"end":{"line":65,"column":null}},"16":{"start":{"line":75,"column":22},"end":{"line":76,"column":null}},"17":{"start":{"line":78,"column":8},"end":{"line":81,"column":null}},"18":{"start":{"line":79,"column":12},"end":{"line":79,"column":null}},"19":{"start":{"line":80,"column":12},"end":{"line":80,"column":null}},"20":{"start":{"line":83,"column":8},"end":{"line":83,"column":null}},"21":{"start":{"line":88,"column":8},"end":{"line":88,"column":null}},"22":{"start":{"line":92,"column":8},"end":{"line":92,"column":null}}},"fnMap":{"0":{"name":"(anonymous_0)","decl":{"start":{"line":19,"column":4},"end":{"line":19,"column":16}},"loc":{"start":{"line":19,"column":54},"end":{"line":30,"column":null}},"line":19},"1":{"name":"(anonymous_1)","decl":{"start":{"line":35,"column":4},"end":{"line":35,"column":21}},"loc":{"start":{"line":35,"column":21},"end":{"line":39,"column":null}},"line":35},"2":{"name":"(anonymous_2)","decl":{"start":{"line":47,"column":17},"end":{"line":47,"column":39}},"loc":{"start":{"line":47,"column":83},"end":{"line":66,"column":null}},"line":47},"3":{"name":"(anonymous_3)","decl":{"start":{"line":74,"column":17},"end":{"line":74,"column":30}},"loc":{"start":{"line":74,"column":69},"end":{"line":84,"column":null}},"line":74},"4":{"name":"(anonymous_4)","decl":{"start":{"line":78,"column":29},"end":{"line":78,"column":30}},"loc":{"start":{"line":78,"column":38},"end":{"line":81,"column":9}},"line":78},"5":{"name":"(anonymous_5)","decl":{"start":{"line":87,"column":8},"end":{"line":87,"column":27}},"loc":{"start":{"line":87,"column":27},"end":{"line":89,"column":null}},"line":87},"6":{"name":"(anonymous_6)","decl":{"start":{"line":91,"column":8},"end":{"line":91,"column":29}},"loc":{"start":{"line":91,"column":29},"end":{"line":93,"column":null}},"line":91}},"branchMap":{"0":{"loc":{"start":{"line":25,"column":8},"end":{"line":27,"column":null}},"type":"if","locations":[{"start":{"line":25,"column":8},"end":{"line":27,"column":null}},{"start":{},"end":{}}],"line":25},"1":{"loc":{"start":{"line":25,"column":12},"end":{"line":25,"column":61}},"type":"binary-expr","locations":[{"start":{"line":25,"column":12},"end":{"line":25,"column":37}},{"start":{"line":25,"column":37},"end":{"line":25,"column":61}}],"line":25}},"s":{"0":3,"1":3,"2":3,"3":3,"4":0,"5":3,"6":3,"7":3,"8":3,"9":2,"10":2,"11":2,"12":1,"13":1,"14":1,"15":2,"16":1,"17":1,"18":1,"19":1,"20":1,"21":3,"22":4},"f":{"0":3,"1":3,"2":4,"3":4,"4":1,"5":3,"6":4},"b":{"0":[0,3],"1":[3,3]},"meta":{"lastBranch":2,"lastFunction":7,"lastStatement":23,"seen":{"f:19:4:19:16":0,"s:20:20:20:Infinity":0,"s:21:8:21:Infinity":1,"s:22:8:22:Infinity":2,"b:25:8:27:Infinity:undefined:undefined:undefined:undefined":0,"s:25:8:27:Infinity":3,"b:25:12:25:37:25:37:25:61":1,"s:26:12:26:Infinity":4,"s:29:8:29:Infinity":5,"f:35:4:35:21":1,"s:36:8:36:Infinity":6,"s:37:8:37:Infinity":7,"s:38:8:38:Infinity":8,"f:47:17:47:39":2,"s:48:29:48:Infinity":9,"s:50:22:56:Infinity":10,"s:59:8:63:Infinity":11,"s:60:27:60:Infinity":12,"s:61:12:61:Infinity":13,"s:62:12:62:Infinity":14,"s:65:8:65:Infinity":15,"f:74:17:74:30":3,"s:75:22:76:Infinity":16,"s:78:8:81:Infinity":17,"f:78:29:78:30":4,"s:79:12:79:Infinity":18,"s:80:12:80:Infinity":19,"s:83:8:83:Infinity":20,"f:87:8:87:27":5,"s:88:8:88:Infinity":21,"f:91:8:91:29":6,"s:92:8:92:Infinity":22}}}
,"C:\\Users\\midas\\OneDrive\\Desktop\\COMP 2452\\2452-pos\\src\\model\\milk.ts": {"path":"C:\\Users\\midas\\OneDrive\\Desktop\\COMP 2452\\2452-pos\\src\\model\\milk.ts","statementMap":{"0":{"start":{"line":10,"column":29},"end":{"line":10,"column":null}},"1":{"start":{"line":12,"column":31},"end":{"line":12,"column":null}},"2":{"start":{"line":18,"column":8},"end":{"line":18,"column":null}},"3":{"start":{"line":19,"column":8},"end":{"line":19,"column":null}},"4":{"start":{"line":26,"column":8},"end":{"line":26,"column":null}},"5":{"start":{"line":27,"column":8},"end":{"line":27,"column":null}},"6":{"start":{"line":37,"column":25},"end":{"line":37,"column":null}},"7":{"start":{"line":39,"column":22},"end":{"line":46,"column":null}},"8":{"start":{"line":49,"column":8},"end":{"line":54,"column":null}},"9":{"start":{"line":50,"column":23},"end":{"line":50,"column":null}},"10":{"start":{"line":51,"column":12},"end":{"line":51,"column":null}},"11":{"start":{"line":52,"column":12},"end":{"line":52,"column":null}},"12":{"start":{"line":53,"column":12},"end":{"line":53,"column":null}},"13":{"start":{"line":56,"column":8},"end":{"line":56,"column":null}},"14":{"start":{"line":67,"column":8},"end":{"line":80,"column":null}},"15":{"start":{"line":69,"column":26},"end":{"line":70,"column":null}},"16":{"start":{"line":72,"column":12},"end":{"line":75,"column":null}},"17":{"start":{"line":73,"column":16},"end":{"line":73,"column":null}},"18":{"start":{"line":74,"column":16},"end":{"line":74,"column":null}},"19":{"start":{"line":78,"column":12},"end":{"line":79,"column":null}},"20":{"start":{"line":82,"column":8},"end":{"line":82,"column":null}},"21":{"start":{"line":86,"column":8},"end":{"line":86,"column":null}},"22":{"start":{"line":95,"column":8},"end":{"line":95,"column":null}},"23":{"start":{"line":96,"column":8},"end":{"line":96,"column":null}},"24":{"start":{"line":97,"column":8},"end":{"line":97,"column":null}},"25":{"start":{"line":107,"column":8},"end":{"line":107,"column":null}},"26":{"start":{"line":108,"column":24},"end":{"line":108,"column":null}},"27":{"start":{"line":110,"column":8},"end":{"line":113,"column":null}},"28":{"start":{"line":111,"column":12},"end":{"line":111,"column":null}},"29":{"start":{"line":112,"column":12},"end":{"line":112,"column":null}},"30":{"start":{"line":114,"column":8},"end":{"line":114,"column":null}},"31":{"start":{"line":115,"column":8},"end":{"line":115,"column":null}}},"fnMap":{"0":{"name":"(anonymous_0)","decl":{"start":{"line":17,"column":4},"end":{"line":17,"column":18}},"loc":{"start":{"line":17,"column":18},"end":{"line":20,"column":null}},"line":17},"1":{"name":"(anonymous_1)","decl":{"start":{"line":25,"column":4},"end":{"line":25,"column":23}},"loc":{"start":{"line":25,"column":23},"end":{"line":28,"column":null}},"line":25},"2":{"name":"(anonymous_2)","decl":{"start":{"line":36,"column":17},"end":{"line":36,"column":32}},"loc":{"start":{"line":36,"column":66},"end":{"line":57,"column":null}},"line":36},"3":{"name":"(anonymous_3)","decl":{"start":{"line":66,"column":17},"end":{"line":66,"column":26}},"loc":{"start":{"line":66,"column":65},"end":{"line":83,"column":null}},"line":66},"4":{"name":"(anonymous_4)","decl":{"start":{"line":72,"column":33},"end":{"line":72,"column":34}},"loc":{"start":{"line":72,"column":42},"end":{"line":75,"column":13}},"line":72},"5":{"name":"(anonymous_5)","decl":{"start":{"line":85,"column":8},"end":{"line":85,"column":27}},"loc":{"start":{"line":85,"column":27},"end":{"line":87,"column":null}},"line":85},"6":{"name":"(anonymous_6)","decl":{"start":{"line":94,"column":4},"end":{"line":94,"column":21}},"loc":{"start":{"line":94,"column":43},"end":{"line":98,"column":null}},"line":94},"7":{"name":"(anonymous_7)","decl":{"start":{"line":106,"column":4},"end":{"line":106,"column":21}},"loc":{"start":{"line":106,"column":46},"end":{"line":116,"column":null}},"line":106}},"branchMap":{"0":{"loc":{"start":{"line":67,"column":8},"end":{"line":80,"column":null}},"type":"if","locations":[{"start":{"line":67,"column":8},"end":{"line":80,"column":null}},{"start":{"line":76,"column":15},"end":{"line":80,"column":null}}],"line":67},"1":{"loc":{"start":{"line":110,"column":8},"end":{"line":113,"column":null}},"type":"if","locations":[{"start":{"line":110,"column":8},"end":{"line":113,"column":null}},{"start":{},"end":{}}],"line":110}},"s":{"0":4,"1":4,"2":4,"3":4,"4":14,"5":14,"6":2,"7":2,"8":2,"9":0,"10":0,"11":0,"12":0,"13":2,"14":1,"15":1,"16":1,"17":1,"18":1,"19":0,"20":1,"21":4,"22":4,"23":4,"24":4,"25":1,"26":1,"27":1,"28":1,"29":1,"30":1,"31":1},"f":{"0":4,"1":14,"2":7,"3":7,"4":1,"5":4,"6":4,"7":1},"b":{"0":[1,0],"1":[1,0]},"meta":{"lastBranch":2,"lastFunction":8,"lastStatement":32,"seen":{"s:10:29:10:Infinity":0,"s:12:31:12:Infinity":1,"f:17:4:17:18":0,"s:18:8:18:Infinity":2,"s:19:8:19:Infinity":3,"f:25:4:25:23":1,"s:26:8:26:Infinity":4,"s:27:8:27:Infinity":5,"f:36:17:36:32":2,"s:37:25:37:Infinity":6,"s:39:22:46:Infinity":7,"s:49:8:54:Infinity":8,"s:50:23:50:Infinity":9,"s:51:12:51:Infinity":10,"s:52:12:52:Infinity":11,"s:53:12:53:Infinity":12,"s:56:8:56:Infinity":13,"f:66:17:66:26":3,"b:67:8:80:Infinity:76:15:80:Infinity":0,"s:67:8:80:Infinity":14,"s:69:26:70:Infinity":15,"s:72:12:75:Infinity":16,"f:72:33:72:34":4,"s:73:16:73:Infinity":17,"s:74:16:74:Infinity":18,"s:78:12:79:Infinity":19,"s:82:8:82:Infinity":20,"f:85:8:85:27":5,"s:86:8:86:Infinity":21,"f:94:4:94:21":6,"s:95:8:95:Infinity":22,"s:96:8:96:Infinity":23,"s:97:8:97:Infinity":24,"f:106:4:106:21":7,"s:107:8:107:Infinity":25,"s:108:24:108:Infinity":26,"b:110:8:113:Infinity:undefined:undefined:undefined:undefined":1,"s:110:8:113:Infinity":27,"s:111:12:111:Infinity":28,"s:112:12:112:Infinity":29,"s:114:8:114:Infinity":30,"s:115:8:115:Infinity":31}}}
,"C:\\Users\\midas\\OneDrive\\Desktop\\COMP 2452\\2452-pos\\src\\model\\receipt.ts": {"path":"C:\\Users\\midas\\OneDrive\\Desktop\\COMP 2452\\2452-pos\\src\\model\\receipt.ts","statementMap":{"0":{"start":{"line":28,"column":8},"end":{"line":28,"column":null}},"1":{"start":{"line":29,"column":8},"end":{"line":29,"column":null}},"2":{"start":{"line":30,"column":8},"end":{"line":30,"column":null}},"3":{"start":{"line":31,"column":8},"end":{"line":31,"column":null}},"4":{"start":{"line":32,"column":8},"end":{"line":32,"column":null}},"5":{"start":{"line":34,"column":8},"end":{"line":36,"column":null}},"6":{"start":{"line":35,"column":12},"end":{"line":35,"column":null}},"7":{"start":{"line":39,"column":8},"end":{"line":41,"column":null}},"8":{"start":{"line":40,"column":12},"end":{"line":40,"column":null}},"9":{"start":{"line":43,"column":8},"end":{"line":43,"column":null}},"10":{"start":{"line":45,"column":8},"end":{"line":45,"column":null}},"11":{"start":{"line":52,"column":8},"end":{"line":53,"column":null}},"12":{"start":{"line":54,"column":8},"end":{"line":54,"column":null}},"13":{"start":{"line":55,"column":8},"end":{"line":55,"column":null}},"14":{"start":{"line":56,"column":8},"end":{"line":56,"column":null}},"15":{"start":{"line":58,"column":8},"end":{"line":60,"column":null}},"16":{"start":{"line":59,"column":12},"end":{"line":59,"column":null}},"17":{"start":{"line":70,"column":8},"end":{"line":83,"column":null}},"18":{"start":{"line":72,"column":26},"end":{"line":73,"column":null}},"19":{"start":{"line":75,"column":12},"end":{"line":78,"column":null}},"20":{"start":{"line":76,"column":16},"end":{"line":76,"column":null}},"21":{"start":{"line":77,"column":16},"end":{"line":77,"column":null}},"22":{"start":{"line":81,"column":12},"end":{"line":82,"column":null}},"23":{"start":{"line":86,"column":8},"end":{"line":94,"column":null}},"24":{"start":{"line":87,"column":12},"end":{"line":93,"column":null}},"25":{"start":{"line":88,"column":16},"end":{"line":92,"column":null}},"26":{"start":{"line":89,"column":20},"end":{"line":89,"column":null}},"27":{"start":{"line":90,"column":16},"end":{"line":92,"column":null}},"28":{"start":{"line":91,"column":20},"end":{"line":91,"column":null}},"29":{"start":{"line":96,"column":8},"end":{"line":96,"column":null}},"30":{"start":{"line":106,"column":22},"end":{"line":114,"column":null}},"31":{"start":{"line":116,"column":26},"end":{"line":116,"column":null}},"32":{"start":{"line":119,"column":8},"end":{"line":138,"column":null}},"33":{"start":{"line":120,"column":23},"end":{"line":120,"column":null}},"34":{"start":{"line":121,"column":26},"end":{"line":121,"column":null}},"35":{"start":{"line":122,"column":12},"end":{"line":122,"column":null}},"36":{"start":{"line":123,"column":12},"end":{"line":123,"column":null}},"37":{"start":{"line":126,"column":28},"end":{"line":126,"column":null}},"38":{"start":{"line":127,"column":24},"end":{"line":127,"column":null}},"39":{"start":{"line":129,"column":12},"end":{"line":131,"column":null}},"40":{"start":{"line":130,"column":16},"end":{"line":130,"column":null}},"41":{"start":{"line":133,"column":12},"end":{"line":135,"column":null}},"42":{"start":{"line":134,"column":16},"end":{"line":134,"column":null}},"43":{"start":{"line":137,"column":12},"end":{"line":137,"column":null}},"44":{"start":{"line":139,"column":8},"end":{"line":139,"column":null}},"45":{"start":{"line":144,"column":8},"end":{"line":144,"column":null}},"46":{"start":{"line":148,"column":8},"end":{"line":148,"column":null}},"47":{"start":{"line":152,"column":8},"end":{"line":152,"column":null}},"48":{"start":{"line":156,"column":8},"end":{"line":156,"column":null}},"49":{"start":{"line":160,"column":8},"end":{"line":160,"column":null}},"50":{"start":{"line":165,"column":8},"end":{"line":165,"column":null}},"51":{"start":{"line":175,"column":8},"end":{"line":175,"column":null}},"52":{"start":{"line":176,"column":22},"end":{"line":176,"column":null}},"53":{"start":{"line":177,"column":20},"end":{"line":177,"column":null}},"54":{"start":{"line":178,"column":20},"end":{"line":178,"column":null}},"55":{"start":{"line":181,"column":8},"end":{"line":193,"column":null}},"56":{"start":{"line":182,"column":12},"end":{"line":192,"column":null}},"57":{"start":{"line":183,"column":16},"end":{"line":183,"column":null}},"58":{"start":{"line":184,"column":16},"end":{"line":189,"column":null}},"59":{"start":{"line":186,"column":20},"end":{"line":186,"column":null}},"60":{"start":{"line":187,"column":20},"end":{"line":187,"column":null}},"61":{"start":{"line":188,"column":20},"end":{"line":188,"column":null}},"62":{"start":{"line":191,"column":16},"end":{"line":191,"column":null}},"63":{"start":{"line":195,"column":8},"end":{"line":195,"column":null}},"64":{"start":{"line":196,"column":8},"end":{"line":196,"column":null}},"65":{"start":{"line":205,"column":8},"end":{"line":205,"column":null}},"66":{"start":{"line":206,"column":35},"end":{"line":206,"column":null}},"67":{"start":{"line":207,"column":21},"end":{"line":207,"column":null}},"68":{"start":{"line":208,"column":8},"end":{"line":208,"column":null}},"69":{"start":{"line":209,"column":8},"end":{"line":209,"column":null}},"70":{"start":{"line":210,"column":8},"end":{"line":210,"column":null}}},"fnMap":{"0":{"name":"(anonymous_0)","decl":{"start":{"line":27,"column":4},"end":{"line":27,"column":16}},"loc":{"start":{"line":27,"column":46},"end":{"line":46,"column":null}},"line":27},"1":{"name":"(anonymous_1)","decl":{"start":{"line":51,"column":4},"end":{"line":51,"column":26}},"loc":{"start":{"line":51,"column":26},"end":{"line":61,"column":null}},"line":51},"2":{"name":"(anonymous_2)","decl":{"start":{"line":69,"column":17},"end":{"line":69,"column":29}},"loc":{"start":{"line":69,"column":65},"end":{"line":97,"column":null}},"line":69},"3":{"name":"(anonymous_3)","decl":{"start":{"line":75,"column":33},"end":{"line":75,"column":34}},"loc":{"start":{"line":75,"column":42},"end":{"line":78,"column":13}},"line":75},"4":{"name":"(anonymous_4)","decl":{"start":{"line":86,"column":33},"end":{"line":86,"column":34}},"loc":{"start":{"line":86,"column":45},"end":{"line":94,"column":9}},"line":86},"5":{"name":"(anonymous_5)","decl":{"start":{"line":105,"column":17},"end":{"line":105,"column":38}},"loc":{"start":{"line":105,"column":81},"end":{"line":140,"column":null}},"line":105},"6":{"name":"(anonymous_6)","decl":{"start":{"line":143,"column":8},"end":{"line":143,"column":21}},"loc":{"start":{"line":143,"column":21},"end":{"line":145,"column":null}},"line":143},"7":{"name":"(anonymous_7)","decl":{"start":{"line":147,"column":8},"end":{"line":147,"column":24}},"loc":{"start":{"line":147,"column":24},"end":{"line":149,"column":null}},"line":147},"8":{"name":"(anonymous_8)","decl":{"start":{"line":151,"column":8},"end":{"line":151,"column":27}},"loc":{"start":{"line":151,"column":27},"end":{"line":153,"column":null}},"line":151},"9":{"name":"(anonymous_9)","decl":{"start":{"line":155,"column":8},"end":{"line":155,"column":33}},"loc":{"start":{"line":155,"column":33},"end":{"line":157,"column":null}},"line":155},"10":{"name":"(anonymous_10)","decl":{"start":{"line":159,"column":8},"end":{"line":159,"column":44}},"loc":{"start":{"line":159,"column":44},"end":{"line":161,"column":null}},"line":159},"11":{"name":"(anonymous_11)","decl":{"start":{"line":164,"column":8},"end":{"line":164,"column":18}},"loc":{"start":{"line":164,"column":48},"end":{"line":166,"column":null}},"line":164},"12":{"name":"(anonymous_12)","decl":{"start":{"line":174,"column":4},"end":{"line":174,"column":14}},"loc":{"start":{"line":174,"column":35},"end":{"line":197,"column":null}},"line":174},"13":{"name":"(anonymous_13)","decl":{"start":{"line":204,"column":4},"end":{"line":204,"column":18}},"loc":{"start":{"line":204,"column":44},"end":{"line":211,"column":null}},"line":204}},"branchMap":{"0":{"loc":{"start":{"line":34,"column":8},"end":{"line":36,"column":null}},"type":"if","locations":[{"start":{"line":34,"column":8},"end":{"line":36,"column":null}},{"start":{},"end":{}}],"line":34},"1":{"loc":{"start":{"line":70,"column":8},"end":{"line":83,"column":null}},"type":"if","locations":[{"start":{"line":70,"column":8},"end":{"line":83,"column":null}},{"start":{"line":79,"column":15},"end":{"line":83,"column":null}}],"line":70},"2":{"loc":{"start":{"line":87,"column":12},"end":{"line":93,"column":null}},"type":"if","locations":[{"start":{"line":87,"column":12},"end":{"line":93,"column":null}},{"start":{},"end":{}}],"line":87},"3":{"loc":{"start":{"line":88,"column":16},"end":{"line":92,"column":null}},"type":"if","locations":[{"start":{"line":88,"column":16},"end":{"line":92,"column":null}},{"start":{"line":90,"column":16},"end":{"line":92,"column":null}}],"line":88},"4":{"loc":{"start":{"line":90,"column":16},"end":{"line":92,"column":null}},"type":"if","locations":[{"start":{"line":90,"column":16},"end":{"line":92,"column":null}},{"start":{},"end":{}}],"line":90},"5":{"loc":{"start":{"line":181,"column":15},"end":{"line":181,"column":61}},"type":"binary-expr","locations":[{"start":{"line":181,"column":15},"end":{"line":181,"column":25}},{"start":{"line":181,"column":25},"end":{"line":181,"column":61}}],"line":181},"6":{"loc":{"start":{"line":182,"column":12},"end":{"line":192,"column":null}},"type":"if","locations":[{"start":{"line":182,"column":12},"end":{"line":192,"column":null}},{"start":{"line":190,"column":19},"end":{"line":192,"column":null}}],"line":182},"7":{"loc":{"start":{"line":184,"column":16},"end":{"line":189,"column":null}},"type":"if","locations":[{"start":{"line":184,"column":16},"end":{"line":189,"column":null}},{"start":{},"end":{}}],"line":184}},"s":{"0":7,"1":7,"2":7,"3":7,"4":7,"5":7,"6":0,"7":7,"8":7,"9":7,"10":7,"11":11,"12":11,"13":11,"14":11,"15":11,"16":2,"17":3,"18":3,"19":3,"20":3,"21":3,"22":0,"23":3,"24":0,"25":0,"26":0,"27":0,"28":0,"29":3,"30":2,"31":2,"32":2,"33":1,"34":1,"35":1,"36":1,"37":1,"38":1,"39":1,"40":0,"41":1,"42":0,"43":1,"44":2,"45":5,"46":5,"47":5,"48":4,"49":5,"50":1,"51":1,"52":1,"53":1,"54":1,"55":1,"56":1,"57":1,"58":1,"59":1,"60":1,"61":1,"62":0,"63":1,"64":1,"65":1,"66":1,"67":1,"68":1,"69":1,"70":1},"f":{"0":7,"1":11,"2":4,"3":3,"4":0,"5":4,"6":5,"7":5,"8":5,"9":4,"10":5,"11":1,"12":1,"13":1},"b":{"0":[0,7],"1":[3,0],"2":[0,0],"3":[0,0],"4":[0,0],"5":[1,1],"6":[1,0],"7":[1,0]},"meta":{"lastBranch":8,"lastFunction":14,"lastStatement":71,"seen":{"f:27:4:27:16":0,"s:28:8:28:Infinity":0,"s:29:8:29:Infinity":1,"s:30:8:30:Infinity":2,"s:31:8:31:Infinity":3,"s:32:8:32:Infinity":4,"b:34:8:36:Infinity:undefined:undefined:undefined:undefined":0,"s:34:8:36:Infinity":5,"s:35:12:35:Infinity":6,"s:39:8:41:Infinity":7,"s:40:12:40:Infinity":8,"s:43:8:43:Infinity":9,"s:45:8:45:Infinity":10,"f:51:4:51:26":1,"s:52:8:53:Infinity":11,"s:54:8:54:Infinity":12,"s:55:8:55:Infinity":13,"s:56:8:56:Infinity":14,"s:58:8:60:Infinity":15,"s:59:12:59:Infinity":16,"f:69:17:69:29":2,"b:70:8:83:Infinity:79:15:83:Infinity":1,"s:70:8:83:Infinity":17,"s:72:26:73:Infinity":18,"s:75:12:78:Infinity":19,"f:75:33:75:34":3,"s:76:16:76:Infinity":20,"s:77:16:77:Infinity":21,"s:81:12:82:Infinity":22,"s:86:8:94:Infinity":23,"f:86:33:86:34":4,"b:87:12:93:Infinity:undefined:undefined:undefined:undefined":2,"s:87:12:93:Infinity":24,"b:88:16:92:Infinity:90:16:92:Infinity":3,"s:88:16:92:Infinity":25,"s:89:20:89:Infinity":26,"b:90:16:92:Infinity:undefined:undefined:undefined:undefined":4,"s:90:16:92:Infinity":27,"s:91:20:91:Infinity":28,"s:96:8:96:Infinity":29,"f:105:17:105:38":5,"s:106:22:114:Infinity":30,"s:116:26:116:Infinity":31,"s:119:8:138:Infinity":32,"s:120:23:120:Infinity":33,"s:121:26:121:Infinity":34,"s:122:12:122:Infinity":35,"s:123:12:123:Infinity":36,"s:126:28:126:Infinity":37,"s:127:24:127:Infinity":38,"s:129:12:131:Infinity":39,"s:130:16:130:Infinity":40,"s:133:12:135:Infinity":41,"s:134:16:134:Infinity":42,"s:137:12:137:Infinity":43,"s:139:8:139:Infinity":44,"f:143:8:143:21":6,"s:144:8:144:Infinity":45,"f:147:8:147:24":7,"s:148:8:148:Infinity":46,"f:151:8:151:27":8,"s:152:8:152:Infinity":47,"f:155:8:155:33":9,"s:156:8:156:Infinity":48,"f:159:8:159:44":10,"s:160:8:160:Infinity":49,"f:164:8:164:18":11,"s:165:8:165:Infinity":50,"f:174:4:174:14":12,"s:175:8:175:Infinity":51,"s:176:22:176:Infinity":52,"s:177:20:177:Infinity":53,"s:178:20:178:Infinity":54,"s:181:8:193:Infinity":55,"b:181:15:181:25:181:25:181:61":5,"b:182:12:192:Infinity:190:19:192:Infinity":6,"s:182:12:192:Infinity":56,"s:183:16:183:Infinity":57,"b:184:16:189:Infinity:undefined:undefined:undefined:undefined":7,"s:184:16:189:Infinity":58,"s:186:20:186:Infinity":59,"s:187:20:187:Infinity":60,"s:188:20:188:Infinity":61,"s:191:16:191:Infinity":62,"s:195:8:195:Infinity":63,"s:196:8:196:Infinity":64,"f:204:4:204:18":13,"s:205:8:205:Infinity":65,"s:206:35:206:Infinity":66,"s:207:21:207:Infinity":67,"s:208:8:208:Infinity":68,"s:209:8:209:Infinity":69,"s:210:8:210:Infinity":70}}}
}
